# JRE version: OpenJDK Runtime Environment (8.0_152-b01) (build 1.8.0_152-release-1248-b01)
# Java VM: OpenJDK 64-Bit Server VM (25.152-b01 mixed mode linux-amd64 compressed oops)
Heap:
 PSYoungGen      total 441856K, used 0K [0x00000000e0000000, 0x0000000100000000, 0x0000000100000000)
  eden space 407040K, 0% used [0x00000000e0000000,0x00000000e0000000,0x00000000f8d80000)
  from space 34816K, 0% used [0x00000000f8d80000,0x00000000f8d80000,0x00000000faf80000)
  to   space 55296K, 0% used [0x00000000fca00000,0x00000000fca00000,0x0000000100000000)
 ParOldGen       total 137216K, used 125704K [0x00000000a0000000, 0x00000000a8600000, 0x00000000e0000000)
  object space 137216K, 91% used [0x00000000a0000000,0x00000000a7ac2248,0x00000000a8600000)
 Metaspace       used 118804K, capacity 126076K, committed 127528K, reserved 1161216K
  class space    used 14508K, capacity 15805K, committed 16176K, reserved 1048576K
GC Heap History (10 events):
Event: 11432.113 GC heap after
Heap after GC invocations=71 (full 4):
 PSYoungGen      total 428544K, used 14358K [0x00000000e0000000, 0x00000000fe300000, 0x0000000100000000)
  eden space 413696K, 0% used [0x00000000e0000000,0x00000000e0000000,0x00000000f9400000)
  from space 14848K, 96% used [0x00000000fb900000,0x00000000fc705948,0x00000000fc780000)
  to   space 28160K, 0% used [0x00000000fc780000,0x00000000fc780000,0x00000000fe300000)
 ParOldGen       total 137216K, used 74363K [0x00000000a0000000, 0x00000000a8600000, 0x00000000e0000000)
  object space 137216K, 54% used [0x00000000a0000000,0x00000000a489eec8,0x00000000a8600000)
 Metaspace       used 99418K, capacity 106380K, committed 106664K, reserved 1142784K
  class space    used 12338K, capacity 13622K, committed 13744K, reserved 1048576K
}
Event: 11520.179 GC heap before
{Heap before GC invocations=72 (full 4):
 PSYoungGen      total 428544K, used 428054K [0x00000000e0000000, 0x00000000fe300000, 0x0000000100000000)
  eden space 413696K, 100% used [0x00000000e0000000,0x00000000f9400000,0x00000000f9400000)
  from space 14848K, 96% used [0x00000000fb900000,0x00000000fc705948,0x00000000fc780000)
  to   space 28160K, 0% used [0x00000000fc780000,0x00000000fc780000,0x00000000fe300000)
 ParOldGen       total 137216K, used 74363K [0x00000000a0000000, 0x00000000a8600000, 0x00000000e0000000)
  object space 137216K, 54% used [0x00000000a0000000,0x00000000a489eec8,0x00000000a8600000)
 Metaspace       used 99742K, capacity 106798K, committed 106920K, reserved 1142784K
  class space    used 12370K, capacity 13662K, committed 13744K, reserved 1048576K
Event: 11520.217 GC heap after
Heap after GC invocations=72 (full 4):
 PSYoungGen      total 410624K, used 13968K [0x00000000e0000000, 0x00000000fd580000, 0x0000000100000000)
  eden space 396288K, 0% used [0x00000000e0000000,0x00000000e0000000,0x00000000f8300000)
  from space 14336K, 97% used [0x00000000fc780000,0x00000000fd524050,0x00000000fd580000)
  to   space 29184K, 0% used [0x00000000f9c80000,0x00000000f9c80000,0x00000000fb900000)
 ParOldGen       total 137216K, used 74379K [0x00000000a0000000, 0x00000000a8600000, 0x00000000e0000000)
  object space 137216K, 54% used [0x00000000a0000000,0x00000000a48a2ec8,0x00000000a8600000)
 Metaspace       used 99742K, capacity 106798K, committed 106920K, reserved 1142784K
  class space    used 12370K, capacity 13662K, committed 13744K, reserved 1048576K
}
Event: 11735.685 GC heap before
{Heap before GC invocations=73 (full 4):
 PSYoungGen      total 410624K, used 410256K [0x00000000e0000000, 0x00000000fd580000, 0x0000000100000000)
  eden space 396288K, 100% used [0x00000000e0000000,0x00000000f8300000,0x00000000f8300000)
  from space 14336K, 97% used [0x00000000fc780000,0x00000000fd524050,0x00000000fd580000)
  to   space 29184K, 0% used [0x00000000f9c80000,0x00000000f9c80000,0x00000000fb900000)
 ParOldGen       total 137216K, used 74379K [0x00000000a0000000, 0x00000000a8600000, 0x00000000e0000000)
  object space 137216K, 54% used [0x00000000a0000000,0x00000000a48a2ec8,0x00000000a8600000)
 Metaspace       used 99914K, capacity 106950K, committed 107176K, reserved 1142784K
  class space    used 12373K, capacity 13666K, committed 13744K, reserved 1048576K
Event: 11735.808 GC heap after
Heap after GC invocations=73 (full 4):
 PSYoungGen      total 398848K, used 18960K [0x00000000e0000000, 0x00000000fc800000, 0x0000000100000000)
  eden space 379392K, 0% used [0x00000000e0000000,0x00000000e0000000,0x00000000f7280000)
  from space 19456K, 97% used [0x00000000f9c80000,0x00000000faf040b0,0x00000000faf80000)
  to   space 25088K, 0% used [0x00000000faf80000,0x00000000faf80000,0x00000000fc800000)
 ParOldGen       total 137216K, used 74475K [0x00000000a0000000, 0x00000000a8600000, 0x00000000e0000000)
  object space 137216K, 54% used [0x00000000a0000000,0x00000000a48baec8,0x00000000a8600000)
 Metaspace       used 99914K, capacity 106950K, committed 107176K, reserved 1142784K
  class space    used 12373K, capacity 13666K, committed 13744K, reserved 1048576K
}
Event: 11755.212 GC heap before
{Heap before GC invocations=74 (full 4):
 PSYoungGen      total 398848K, used 398352K [0x00000000e0000000, 0x00000000fc800000, 0x0000000100000000)
  eden space 379392K, 100% used [0x00000000e0000000,0x00000000f7280000,0x00000000f7280000)
  from space 19456K, 97% used [0x00000000f9c80000,0x00000000faf040b0,0x00000000faf80000)
  to   space 25088K, 0% used [0x00000000faf80000,0x00000000faf80000,0x00000000fc800000)
 ParOldGen       total 137216K, used 74475K [0x00000000a0000000, 0x00000000a8600000, 0x00000000e0000000)
  object space 137216K, 54% used [0x00000000a0000000,0x00000000a48baec8,0x00000000a8600000)
 Metaspace       used 111826K, capacity 119492K, committed 119848K, reserved 1153024K
  class space    used 13854K, capacity 15293K, committed 15408K, reserved 1048576K
Event: 11756.554 GC heap after
Heap after GC invocations=74 (full 4):
 PSYoungGen      total 432128K, used 25070K [0x00000000e0000000, 0x00000000fda80000, 0x0000000100000000)
  eden space 407040K, 0% used [0x00000000e0000000,0x00000000e0000000,0x00000000f8d80000)
  from space 25088K, 99% used [0x00000000faf80000,0x00000000fc7fbbc8,0x00000000fc800000)
  to   space 34816K, 0% used [0x00000000f8d80000,0x00000000f8d80000,0x00000000faf80000)
 ParOldGen       total 137216K, used 87398K [0x00000000a0000000, 0x00000000a8600000, 0x00000000e0000000)
  object space 137216K, 63% used [0x00000000a0000000,0x00000000a5559b10,0x00000000a8600000)
 Metaspace       used 111826K, capacity 119492K, committed 119848K, reserved 1153024K
  class space    used 13854K, capacity 15293K, committed 15408K, reserved 1048576K
}
Event: 11769.830 GC heap before
{Heap before GC invocations=75 (full 4):
 PSYoungGen      total 432128K, used 432110K [0x00000000e0000000, 0x00000000fda80000, 0x0000000100000000)
  eden space 407040K, 100% used [0x00000000e0000000,0x00000000f8d80000,0x00000000f8d80000)
  from space 25088K, 99% used [0x00000000faf80000,0x00000000fc7fbbc8,0x00000000fc800000)
  to   space 34816K, 0% used [0x00000000f8d80000,0x00000000f8d80000,0x00000000faf80000)
 ParOldGen       total 137216K, used 87398K [0x00000000a0000000, 0x00000000a8600000, 0x00000000e0000000)
  object space 137216K, 63% used [0x00000000a0000000,0x00000000a5559b10,0x00000000a8600000)
 Metaspace       used 119551K, capacity 127308K, committed 127528K, reserved 1161216K
  class space    used 14631K, capacity 16059K, committed 16176K, reserved 1048576K
Event: 11770.098 GC heap after
Heap after GC invocations=75 (full 4):
 PSYoungGen      total 441856K, used 34795K [0x00000000e0000000, 0x0000000100000000, 0x0000000100000000)
  eden space 407040K, 0% used [0x00000000e0000000,0x00000000e0000000,0x00000000f8d80000)
  from space 34816K, 99% used [0x00000000f8d80000,0x00000000faf7ac58,0x00000000faf80000)
  to   space 55296K, 0% used [0x00000000fca00000,0x00000000fca00000,0x0000000100000000)
 ParOldGen       total 137216K, used 132126K [0x00000000a0000000, 0x00000000a8600000, 0x00000000e0000000)
  object space 137216K, 96% used [0x00000000a0000000,0x00000000a81079c8,0x00000000a8600000)
 Metaspace       used 119551K, capacity 127308K, committed 127528K, reserved 1161216K
  class space    used 14631K, capacity 16059K, committed 16176K, reserved 1048576K
}
Event: 11770.098 GC heap before
{Heap before GC invocations=76 (full 5):
 PSYoungGen      total 441856K, used 34795K [0x00000000e0000000, 0x0000000100000000, 0x0000000100000000)
  eden space 407040K, 0% used [0x00000000e0000000,0x00000000e0000000,0x00000000f8d80000)
  from space 34816K, 99% used [0x00000000f8d80000,0x00000000faf7ac58,0x00000000faf80000)
  to   space 55296K, 0% used [0x00000000fca00000,0x00000000fca00000,0x0000000100000000)
 ParOldGen       total 137216K, used 132126K [0x00000000a0000000, 0x00000000a8600000, 0x00000000e0000000)
  object space 137216K, 96% used [0x00000000a0000000,0x00000000a81079c8,0x00000000a8600000)
 Metaspace       used 119551K, capacity 127308K, committed 127528K, reserved 1161216K
  class space    used 14631K, capacity 16059K, committed 16176K, reserved 1048576K

